<?xml version="1.0" encoding="UTF-8"?>
<testng-results skipped="0" failed="0" ignored="0" total="1" passed="1">
  <reporter-output>
  </reporter-output>
  <suite name="Default suite" duration-ms="17580" started-at="2019-08-10T06:20:16Z" finished-at="2019-08-10T06:20:34Z">
    <groups>
    </groups>
    <test name="Default test" duration-ms="17580" started-at="2019-08-10T06:20:16Z" finished-at="2019-08-10T06:20:34Z">
      <class name="com.zohocrm.testcases.CreateAccountTC">
        <test-method status="PASS" signature="CreateAccountTestCase()[pri:0, instance:com.zohocrm.testcases.CreateAccountTC@475530b9]" name="CreateAccountTestCase" duration-ms="16299" started-at="2019-08-10T06:20:16Z" finished-at="2019-08-10T06:20:32Z">
          <reporter-output>
          </reporter-output>
        </test-method> <!-- CreateAccountTestCase -->
        <test-method status="PASS" signature="tearDown()[pri:0, instance:com.zohocrm.testcases.CreateAccountTC@475530b9]" name="tearDown" is-config="true" duration-ms="1249" started-at="2019-08-10T06:20:32Z" finished-at="2019-08-10T06:20:34Z">
          <reporter-output>
          </reporter-output>
        </test-method> <!-- tearDown -->
      </class> <!-- com.zohocrm.testcases.CreateAccountTC -->
    </test> <!-- Default test -->
  </suite> <!-- Default suite -->
</testng-results>
