<?xml version="1.0" encoding="UTF-8"?>
<!-- Generated by org.testng.reporters.JUnitXMLReporter -->
<testsuite hostname="DESKTOP-1JCO6M7" ignored="0" name="Regression Test Suite" tests="3" failures="0" timestamp="04 Aug 2019 05:14:12 GMT" time="0.828" errors="0">
  <testcase name="CreateAccountTestCase" time="0.534" classname="com.zohocrm.testcases.CreateAccountTC"/>
  <testcase name="VerifyZohoDeskTestCase" time="0.097" classname="com.zohocrm.testcases.VerifyZohoDeskTC"/>
  <testcase name="ZohoCrmLoginTestCase" time="0.11" classname="com.zohocrm.testcases.ZohoCrmLoginTC"/>
</testsuite> <!-- Regression Test Suite -->
